Microsoft (R) Macro Assembler Version 12.00.21005.1	    07/05/15 21:28:01
RandNbrDicePg						     Page 1 - 1


				;Adam Novoa
				;CS 340
				;6/30/2015

				TITLE RandNbrDicePgm


				INCLUDE Irvine32.inc
			      C ; Include file for Irvine32.lib             (Irvine32.inc)
			      C 
			      C ;OPTION CASEMAP:NONE		; optional: make identifiers case-sensitive
			      C 
			      C INCLUDE SmallWin.inc		; MS-Windows prototypes, structures, and constants
			      C .NOLIST
			      C .LIST
			      C 
			      C INCLUDE VirtualKeys.inc
			      C ; VirtualKeys.inc
			      C .NOLIST
			      C .LIST
			      C 
			      C 
			      C .NOLIST
			      C .LIST
			      C 


 00000000			.data
 00000000 52 65 73 75 6C		outfileName	byte	"Result.dat",0
	   74 2E 64 61 74
	   00
 0000000B 00000000			outfile		dword	0
 0000000F 00000001			i	dword	1
 00000013 04000000			d	dword	4000000h
 00000017 000186A1			y	dword	100001
 0000001B  00000256 [			dice	byte	598 dup(1),2,2
	    01
	   ] 02 02
 00000273 00000000			count	dword	0,0,0,0,0,0
	   00000000
	   00000000
	   00000000
	   00000000
	   00000000
 0000028B 00000000			runSize	dword	0,0,0,0,0,0
	   00000000
	   00000000
	   00000000
	   00000000
	   00000000
 000002A3 00000000			runCount dword	0,0,0,0,0,0
	   00000000
	   00000000
	   00000000
	   00000000
	   00000000
 000002BB 00000000			doubles dword	0,0,0,0,0,0
	   00000000
	   00000000
	   00000000
	   00000000
	   00000000

 00000000			.code
 00000000			main PROC
 00000000  8D 15 00000000 R		lea		edx,outfileName
 00000006  E8 00000000 E		call	CreateOutputFile
 0000000B  A3 0000000B R		mov		outfile,eax



 00000010  B9 00000258			mov		ecx,600
 00000015  8D 35 0000001B R		lea		esi,dice
 0000001B			Lrand:
 0000001B  E8 0000021D			call	rand
 00000020  88 06			mov		[esi],al
 00000022  46				inc		esi
 00000023  E2 F6			loop	Lrand

 00000025  B9 00000258			mov		ecx,600
 0000002A  8D 35 0000001B R		lea		esi,dice
 00000030  8D 3D 00000273 R		lea		edi,count
 00000036  E8 00000247			call	countDice

 000002D3			.data
 000002D3 00000006			counter	dword	6
 000002D7 54 68 65 20 6E		lab		byte	"The number of dice that were ",30h,"'s"
	   75 6D 62 65 72
	   20 6F 66 20 64
	   69 63 65 20 74
	   68 61 74 20 77
	   65 72 65 20 30
	   27 73
 000002F7  0000000A [			answer	byte	10 dup(?)
	    00
	   ]
 00000301  0D 0A 00					byte	0Dh,0Ah,00h

 0000003B			.code
 0000003B			LP1:
 0000003B  8D 35 000002D7 R		lea		esi,lab
 00000041  B2 01			mov		dl,1
 00000043  00 56 1D			add		29[esi],dl
 00000046  8D 35 000002F7 R		lea		esi,answer
 0000004C  B9 0000000A			mov		ecx,10
 00000051  E8 0000018F			call	blankout
 00000056  8B 07			mov		eax,[edi]
 00000058  E8 0000019B			call	ItoA
 0000005D  8D 15 000002D7 R		lea		edx,lab
 00000063  A1 0000000B R		mov		eax,outfile
 00000068  E8 000001A5			call	print
 0000006D  83 C7 04			add		edi,4
 00000070  8B 0D 000002D3 R		mov		ecx,counter
 00000076  83 2D 000002D3 R		sub		counter,1
	   01
 0000007D  E2 BC			loop	LP1




 0000007F  8D 35 0000001B R		lea		esi,dice
 00000085  8D 3D 0000028B R		lea		edi,runSize
 0000008B  B9 00000258			mov		ecx,600
 00000090  E8 0000023C			call	longestRun
 00000095  8D 3D 0000028B R		lea		edi,runSize

 00000304			.data
 00000304 54 68 65 20 6C		lab2	byte	"The largest run of ",30h,"'s was"
	   61 72 67 65 73
	   74 20 72 75 6E
	   20 6F 66 20 30
	   27 73 20 77 61
	   73
 0000031E  0000000A [			answer2	byte	10 dup(?)
	    00
	   ]
 00000328  0D 0A 00					byte	0Dh,0Ah,00h
 0000009B			.code
 0000009B  8D 35 00000304 R		lea		esi,lab2
 000000A1  B2 30			mov		dl,30h
 000000A3  88 56 13			mov		19[esi],dl
 000000A6  C7 05 000002D3 R		mov		counter,6
	   00000006

 000000B0			LP2:
 000000B0  8D 35 00000304 R		lea		esi,lab2
 000000B6  B2 01			mov		dl,1
 000000B8  00 56 13			add		19[esi],dl
 000000BB  8D 35 0000031E R		lea		esi,answer2
 000000C1  B9 0000000A			mov		ecx,10
 000000C6  E8 0000011A			call	blankout
 000000CB  8B 07			mov		eax,[edi]
 000000CD  E8 00000126			call	ItoA
 000000D2  8D 15 00000304 R		lea		edx,lab2
 000000D8  A1 0000000B R		mov		eax,outfile
 000000DD  E8 00000130			call	print
 000000E2  83 C7 04			add		edi,4
 000000E5  8B 0D 000002D3 R		mov		ecx,counter
 000000EB  83 2D 000002D3 R		sub		counter,1
	   01
 000000F2  E2 BC			loop	LP2

 000000F4  8D 35 0000001B R		lea		esi,dice
 000000FA  8D 3D 000002A3 R		lea		edi,runCount
 00000100  B9 00000258			mov		ecx,600
 00000105  E8 00000229			call	countRuns
 0000010A  8D 3D 000002A3 R		lea		edi,runCount

 0000032B			.data
 0000032B 54 68 65 20 6E		lab3	byte	"The number runs of ",30h,"'s was"
	   75 6D 62 65 72
	   20 72 75 6E 73
	   20 6F 66 20 30
	   27 73 20 77 61
	   73
 00000345  0000000A [			answer3	byte	10 dup(?)
	    00
	   ]
 0000034F  0D 0A 00					byte	0Dh,0Ah,00h
 00000110			.code
 00000110  8D 35 0000032B R		lea		esi,lab3
 00000116  B2 30			mov		dl,30h
 00000118  88 56 13			mov		19[esi],dl
 0000011B  C7 05 000002D3 R		mov		counter,6
	   00000006

 00000125			LP3:
 00000125  8D 35 0000032B R		lea		esi,lab3
 0000012B  B2 01			mov		dl,1
 0000012D  00 56 13			add		19[esi],dl
 00000130  8D 35 00000345 R		lea		esi,answer3
 00000136  B9 0000000A			mov		ecx,10
 0000013B  E8 000000A5			call	blankout
 00000140  8B 07			mov		eax,[edi]
 00000142  E8 000000B1			call	ItoA
 00000147  8D 15 0000032B R		lea		edx,lab3
 0000014D  A1 0000000B R		mov		eax,outfile
 00000152  E8 000000BB			call	print
 00000157  83 C7 04			add		edi,4
 0000015A  8B 0D 000002D3 R		mov		ecx,counter
 00000160  83 2D 000002D3 R		sub		counter,1
	   01
 00000167  E2 BC			loop	LP3


 00000169  8D 35 0000001B R		lea		esi,dice
 0000016F  8D 3D 000002BB R		lea		edi,doubles
 00000175  B9 00000258			mov		ecx,600
 0000017A  E8 0000021E			call	countDoubles
 0000017F  8D 3D 000002BB R		lea		edi,doubles

 00000352			.data
 00000352 54 68 65 20 6E		lab4	byte	"The number of double ",30h,"'s was"
	   75 6D 62 65 72
	   20 6F 66 20 64
	   6F 75 62 6C 65
	   20 30 27 73 20
	   77 61 73
 0000036E  0000000A [			answer4	byte	10 dup(?)
	    00
	   ]
 00000378  0D 0A 00					byte	0Dh,0Ah,00h
 00000185			.code
 00000185  8D 35 00000352 R		lea		esi,lab4
 0000018B  B2 30			mov		dl,30h
 0000018D  88 56 15			mov		21[esi],dl
 00000190  C7 05 000002D3 R		mov		counter,6
	   00000006

 0000019A			LP4:
 0000019A  8D 35 00000352 R		lea		esi,lab4
 000001A0  B2 01			mov		dl,1
 000001A2  00 56 15			add		21[esi],dl
 000001A5  8D 35 0000036E R		lea		esi,answer4
 000001AB  B9 0000000A			mov		ecx,10
 000001B0  E8 00000030			call	blankout
 000001B5  8B 07			mov		eax,[edi]
 000001B7  E8 0000003C			call	ItoA
 000001BC  8D 15 00000352 R		lea		edx,lab4
 000001C2  A1 0000000B R		mov		eax,outfile
 000001C7  E8 00000046			call	print
 000001CC  83 C7 04			add		edi,4
 000001CF  8B 0D 000002D3 R		mov		ecx,counter
 000001D5  83 2D 000002D3 R		sub		counter,1
	   01
 000001DC  E2 BC			loop	LP4












					
 000001DE				fin:



				exit
 000001E5			main ENDP

 000001E5			blankout PROC
 000001E5  B0 20		L2:	mov		al,' '
 000001E7  88 06			mov 	[esi],al
 000001E9  83 C1 FF			add		ecx,-1
 000001EC  83 C6 01			add		esi,1
 000001EF  83 F9 00			cmp		ecx,0
 000001F2  75 F1			jne		L2
 000001F4  83 C6 FF			add		esi,-1
 000001F7  C3				ret
 000001F8			blankout ENDP

 000001F8			ItoA PROC

 000001F8  BA 00000000		L4:	mov edx,0
 000001FD  BB 0000000A			mov ebx,10
 00000202  F7 FB			IDIV ebx
 00000204  80 C2 30			add dl,'0'
 00000207  88 16			mov [esi],dl
 00000209  83 C6 FF			add esi,-1
 0000020C  83 F8 00			cmp eax,0
 0000020F  75 E7			jne L4
 00000211  C3				ret
 00000212			ItoA ENDP

 00000212			print PROC
 0000037B			.data
 0000037B 00000000			file	dword	?
 00000212			.code
 00000212  A3 0000037B R		mov		file,eax
 00000217  56				push	esi
 00000218  8B F2			mov		esi,edx;
 0000021A			again:	
 0000021A  8B D6			mov		edx,esi
 0000021C  A1 0000037B R		mov		eax,file
 00000221  BB 00000000			mov		ebx,0
 00000226  B9 00000001			mov		ecx,1
 0000022B  8A 1E			mov		bl,[esi]
 0000022D  46				inc		esi
 0000022E  80 FB 00			cmp		bl,0
 00000231  74 08			je		goon
 00000233  E8 00000000 E		call	WriteToFile
 00000238  42				inc		edx
 00000239  EB DF			jmp		again
 0000023B			goon:
 0000023B  5E				pop		esi
 0000023C  C3				ret
 0000023D			print ENDP

 0000023D			rand PROC
 0000023D  A1 00000017 R		mov		eax,y
 00000242  BB 00003D09			mov		ebx,15625
 00000247  BA 00000000			mov		edx,0
 0000024C  0F AF C3			IMUL	eax,ebx
 0000024F  05 000056CD			add		eax,22221
 00000254  8B 1D 00000013 R		mov		ebx,d
 0000025A  BA 00000000			mov		edx,0
 0000025F  F7 FB			IDIV	ebx
 00000261  89 15 00000017 R		mov		y,edx
 00000267  8B C2			mov		eax,edx
 00000269  BB 00000006			mov		ebx,6
 0000026E  0F AF C3			IMUL	eax,ebx
 00000271  8B 1D 00000013 R		mov		ebx,d
 00000277  BA 00000000			mov		edx,0
 0000027C  F7 FB			IDIV	ebx
 0000027E  83 C0 01			add		eax,1
 00000281  C3				ret
 00000282			rand ENDP

 00000282			countDice PROC
 00000282  BB 00000001			mov		ebx,1
 00000287  B8 00000000			mov		eax,0
 0000028C  8A 06			mov		al,[esi]
 0000028E			L:
 0000028E  83 F8 01			cmp		eax,1
 00000291  74 1B			je		L1
 00000293  83 F8 02			cmp		eax,2
 00000296  74 1A			je		L2
 00000298  83 F8 03			cmp		eax,3
 0000029B  74 1A			je		L3
 0000029D  83 F8 04			cmp		eax,4
 000002A0  74 1A			je		L4
 000002A2  83 F8 05			cmp		eax,5
 000002A5  74 1A			je		L5
 000002A7  83 F8 06			cmp		eax,6
 000002AA  74 1A			je		L6

 000002AC  EB 1D			jmp	fin
 000002AE  01 1F		L1:	add		[edi],ebx
 000002B0  EB 19			jmp	fin
 000002B2  01 5F 04		L2:	add		4[edi],ebx
 000002B5  EB 14			jmp	fin
 000002B7  01 5F 08		L3:	add		8[edi],ebx
 000002BA  EB 0F			jmp	fin
 000002BC  01 5F 0C		L4:	add		12[edi],ebx
 000002BF  EB 0A			jmp	fin
 000002C1  01 5F 10		L5:	add		16[edi],ebx
 000002C4  EB 05			jmp	fin
 000002C6  01 5F 14		L6:	add		20[edi],ebx
 000002C9  EB 00			jmp		fin
					
 000002CB			fin:
 000002CB  46				inc		esi
 000002CC  8A 06			mov		al,[esi]
 000002CE  E2 BE			loop	L
 000002D0  C3				ret
 000002D1			countDice ENDP

 000002D1			longestRun PROC

 000002D1  B8 00000007			mov		eax,7
 000002D6  50				push	eax
 000002D7  56				push	esi
 000002D8  51				push	ecx
 000002D9  BB 00000000			mov		ebx,0
 000002DE  BA 00000000			mov		edx,0
 000002E3  83 C7 FC			add		edi,-4
 000002E6  B2 00			mov		dl,0
 000002E8			LM:
 000002E8  83 C7 04			add		edi,4
 000002EB  8B 74 24 04			mov		esi,4[esp]
 000002EF  8B 0C 24			mov		ecx,[esp]
 000002F2  83 C2 01			add		edx,1
 000002F5  B8 FFFFFFFF			mov		eax,-1
 000002FA  01 44 24 08			add		8[esp],eax
 000002FE  B8 00000000			mov		eax,0
 00000303  BB 00000000			mov		ebx,0
 00000308  39 44 24 08			cmp		8[esp],eax
 0000030C  74 21			je		fin
 0000030E			L1:
					
 0000030E  83 F9 00			cmp		ecx,0
 00000311  74 D5			je		LM
 00000313  83 C1 FF			add		ecx,-1
 00000316  8A 06			mov		al,[esi]
 00000318  46				inc		esi
 00000319  3A D0			cmp		dl,al
 0000031B  75 0B			jne		L2
 0000031D  83 C3 01			add		ebx,1
 00000320  3B 1F			cmp		ebx,[edi]
 00000322  7E EA			jle		L1
 00000324  89 1F			mov		[edi],ebx
 00000326  EB E6			jmp		L1
 00000328			L2:
 00000328  BB 00000000			mov		ebx,0
 0000032D  EB DF			jmp		L1
 0000032F			fin:
 0000032F  59				pop		ecx
 00000330  5E				pop		esi
 00000331  58				pop		eax

 00000332  C3				ret
 00000333			longestRun ENDP

 00000333			countRuns Proc
					
 00000333  B8 00000007			mov		eax,7
 00000338  50				push	eax
 00000339  56				push	esi
 0000033A  51				push	ecx
 0000033B  BB 00000000			mov		ebx,0
 00000340  BA 00000000			mov		edx,0
 00000345  83 C7 FC			add		edi,-4
 00000348  B2 00			mov		dl,0
 0000034A			LM:
 0000034A  83 C7 04			add		edi,4
 0000034D  8B 74 24 04			mov		esi,4[esp]
 00000351  8B 0C 24			mov		ecx,[esp]
 00000354  83 C2 01			add		edx,1
 00000357  B8 FFFFFFFF			mov		eax,-1
 0000035C  01 44 24 08			add		8[esp],eax
 00000360  B8 00000000			mov		eax,0
 00000365  BB 00000000			mov		ebx,0
 0000036A  39 44 24 08			cmp		8[esp],eax
 0000036E  74 29			je		fin
 00000370			L1:
 00000370  83 C1 FF			add		ecx,-1
 00000373  83 F9 FF			cmp		ecx,-1
 00000376  7C D2			jl		LM
 00000378  74 0C			je		L2
 0000037A  8A 06			mov		al,[esi]
 0000037C  46				inc		esi
 0000037D  3A D0			cmp		dl,al
 0000037F  75 05			jne		L2
 00000381  83 C3 01			add		ebx,1
 00000384  EB EA			jmp		L1
 00000386			L2:
 00000386  83 FB 01			cmp		ebx,1
 00000389  7E 07			jle		L3
 0000038B  BB 00000001			mov		ebx,1
 00000390  01 1F			add		[edi],ebx
 00000392			L3:
 00000392  BB 00000000			mov		ebx,0
 00000397  EB D7			jmp		L1
 00000399			fin:
 00000399  59				pop		ecx
 0000039A  5E				pop		esi
 0000039B  58				pop		eax
 0000039C  C3				ret
 0000039D			countRuns ENDP

 0000039D			countDoubles PROC
					
 0000039D  B8 00000007			mov		eax,7
 000003A2  50				push	eax
 000003A3  56				push	esi
 000003A4  51				push	ecx
 000003A5  BB 00000000			mov		ebx,0
 000003AA  BA 00000000			mov		edx,0
 000003AF  83 C7 FC			add		edi,-4
 000003B2  B2 00			mov		dl,0
 000003B4			LM:
 000003B4  83 C7 04			add		edi,4
 000003B7  8B 74 24 04			mov		esi,4[esp]
 000003BB  8B 0C 24			mov		ecx,[esp]
 000003BE  83 C2 01			add		edx,1
 000003C1  B8 FFFFFFFF			mov		eax,-1
 000003C6  01 44 24 08			add		8[esp],eax
 000003CA  B8 00000000			mov		eax,0
 000003CF  BB 00000000			mov		ebx,0
 000003D4  39 44 24 08			cmp		8[esp],eax
 000003D8  74 27			je		fin
 000003DA			L1:
 000003DA  83 C1 FF			add		ecx,-1
 000003DD  83 F9 FF			cmp		ecx,-1
 000003E0  74 D2			je		LM
 000003E2  8A 06			mov		al,[esi]
 000003E4  46				inc		esi
 000003E5  3A D0			cmp		dl,al
 000003E7  75 11			jne		L2

 000003E9  43				inc		ebx
 000003EA  83 FB 01			cmp		ebx,1
 000003ED  74 EB			je		L1
 000003EF  B8 00000001			mov		eax,1
 000003F4  01 07			add		[edi],eax
 000003F6  EB E2			jmp		L1
 000003F8  EB E0			jmp		L1
 000003FA			L2:
 000003FA  BB 00000000			mov		ebx,0
 000003FF  EB D9			jmp		L1
 00000401			fin:
 00000401  59				pop		ecx
 00000402  5E				pop		esi
 00000403  58				pop		eax
 00000404  C3				ret
 00000405			countDoubles ENDP

				END main
Microsoft (R) Macro Assembler Version 12.00.21005.1	    07/05/15 21:28:01
RandNbrDicePg						     Symbols 2 - 1




Structures and Unions:

                N a m e                  Size
                                         Offset      Type

CONSOLE_CURSOR_INFO  . . . . . .	 00000008
  dwSize . . . . . . . . . . . .	 00000000	 DWord
  bVisible . . . . . . . . . . .	 00000004	 DWord
CONSOLE_SCREEN_BUFFER_INFO . . .	 00000016
  dwSize . . . . . . . . . . . .	 00000000	 DWord
  dwCursorPosition . . . . . . .	 00000004	 DWord
  wAttributes  . . . . . . . . .	 00000008	 Word
  srWindow . . . . . . . . . . .	 0000000A	 QWord
  dwMaximumWindowSize  . . . . .	 00000012	 DWord
COORD  . . . . . . . . . . . . .	 00000004
  X  . . . . . . . . . . . . . .	 00000000	 Word
  Y  . . . . . . . . . . . . . .	 00000002	 Word
FILETIME . . . . . . . . . . . .	 00000008
  loDateTime . . . . . . . . . .	 00000000	 DWord
  hiDateTime . . . . . . . . . .	 00000004	 DWord
FOCUS_EVENT_RECORD . . . . . . .	 00000004
  bSetFocus  . . . . . . . . . .	 00000000	 DWord
FPU_ENVIRON  . . . . . . . . . .	 0000001C
  controlWord  . . . . . . . . .	 00000000	 Word
  statusWord . . . . . . . . . .	 00000004	 Word
  tagWord  . . . . . . . . . . .	 00000008	 Word
  instrPointerOffset . . . . . .	 0000000C	 DWord
  instrPointerSelector . . . . .	 00000010	 DWord
  operandPointerOffset . . . . .	 00000014	 DWord
  operandPointerSelector . . . .	 00000018	 Word
INPUT_RECORD . . . . . . . . . .	 00000014
  EventType  . . . . . . . . . .	 00000000	 Word
  Event  . . . . . . . . . . . .	 00000004	 XmmWord
  bKeyDown . . . . . . . . . . .	 00000000	 DWord
  wRepeatCount . . . . . . . . .	 00000004	 Word
  wVirtualKeyCode  . . . . . . .	 00000006	 Word
  wVirtualScanCode . . . . . . .	 00000008	 Word
  uChar  . . . . . . . . . . . .	 0000000A	 Word
  UnicodeChar  . . . . . . . . .	 00000000	 Word
  AsciiChar  . . . . . . . . . .	 00000000	 Byte
  dwControlKeyState  . . . . . .	 0000000C	 DWord
  dwMousePosition  . . . . . . .	 00000000	 DWord
  dwButtonState  . . . . . . . .	 00000004	 DWord
  dwMouseControlKeyState . . . .	 00000008	 DWord
  dwEventFlags . . . . . . . . .	 0000000C	 DWord
  dwSize . . . . . . . . . . . .	 00000000	 DWord
  dwCommandId  . . . . . . . . .	 00000000	 DWord
  bSetFocus  . . . . . . . . . .	 00000000	 DWord
KEY_EVENT_RECORD . . . . . . . .	 00000010
  bKeyDown . . . . . . . . . . .	 00000000	 DWord
  wRepeatCount . . . . . . . . .	 00000004	 Word
  wVirtualKeyCode  . . . . . . .	 00000006	 Word
  wVirtualScanCode . . . . . . .	 00000008	 Word
  uChar  . . . . . . . . . . . .	 0000000A	 Word
  UnicodeChar  . . . . . . . . .	 00000000	 Word
  AsciiChar  . . . . . . . . . .	 00000000	 Byte
  dwControlKeyState  . . . . . .	 0000000C	 DWord
MENU_EVENT_RECORD  . . . . . . .	 00000004
  dwCommandId  . . . . . . . . .	 00000000	 DWord
MOUSE_EVENT_RECORD . . . . . . .	 00000010
  dwMousePosition  . . . . . . .	 00000000	 DWord
  dwButtonState  . . . . . . . .	 00000004	 DWord
  dwMouseControlKeyState . . . .	 00000008	 DWord
  dwEventFlags . . . . . . . . .	 0000000C	 DWord
SMALL_RECT . . . . . . . . . . .	 00000008
  Left . . . . . . . . . . . . .	 00000000	 Word
  Top  . . . . . . . . . . . . .	 00000002	 Word
  Right  . . . . . . . . . . . .	 00000004	 Word
  Bottom . . . . . . . . . . . .	 00000006	 Word
SYSTEMTIME . . . . . . . . . . .	 00000010
  wYear  . . . . . . . . . . . .	 00000000	 Word
  wMonth . . . . . . . . . . . .	 00000002	 Word
  wDayOfWeek . . . . . . . . . .	 00000004	 Word
  wDay . . . . . . . . . . . . .	 00000006	 Word
  wHour  . . . . . . . . . . . .	 00000008	 Word
  wMinute  . . . . . . . . . . .	 0000000A	 Word
  wSecond  . . . . . . . . . . .	 0000000C	 Word
  wMilliseconds  . . . . . . . .	 0000000E	 Word
WINDOW_BUFFER_SIZE_RECORD  . . .	 00000004
  dwSize . . . . . . . . . . . .	 00000000	 DWord


Segments and Groups:

                N a m e                 Size     Length   Align   Combine Class

FLAT . . . . . . . . . . . . . .	GROUP
STACK  . . . . . . . . . . . . .	32 Bit	 00001000 Para	  Stack	  'STACK'	 
_DATA  . . . . . . . . . . . . .	32 Bit	 0000037F Para	  Public  'DATA'	
_TEXT  . . . . . . . . . . . . .	32 Bit	 00000405 Para	  Public  'CODE'	


Procedures, parameters, and locals:

                N a m e                 Type     Value    Attr

CloseFile  . . . . . . . . . . .	P Near	 00000000 FLAT	Length= 00000000 External STDCALL
CloseHandle  . . . . . . . . . .	P Near	 00000000 FLAT	Length= 00000000 External STDCALL
Clrscr . . . . . . . . . . . . .	P Near	 00000000 FLAT	Length= 00000000 External STDCALL
CreateFileA  . . . . . . . . . .	P Near	 00000000 FLAT	Length= 00000000 External STDCALL
CreateOutputFile . . . . . . . .	P Near	 00000000 FLAT	Length= 00000000 External STDCALL
Crlf . . . . . . . . . . . . . .	P Near	 00000000 FLAT	Length= 00000000 External STDCALL
Delay  . . . . . . . . . . . . .	P Near	 00000000 FLAT	Length= 00000000 External STDCALL
DumpMem  . . . . . . . . . . . .	P Near	 00000000 FLAT	Length= 00000000 External STDCALL
DumpRegs . . . . . . . . . . . .	P Near	 00000000 FLAT	Length= 00000000 External STDCALL
ExitProcess  . . . . . . . . . .	P Near	 00000000 FLAT	Length= 00000000 External STDCALL
FileTimeToDosDateTime  . . . . .	P Near	 00000000 FLAT	Length= 00000000 External STDCALL
FileTimeToSystemTime . . . . . .	P Near	 00000000 FLAT	Length= 00000000 External STDCALL
FlushConsoleInputBuffer  . . . .	P Near	 00000000 FLAT	Length= 00000000 External STDCALL
FormatMessageA . . . . . . . . .	P Near	 00000000 FLAT	Length= 00000000 External STDCALL
GetCommandLineA  . . . . . . . .	P Near	 00000000 FLAT	Length= 00000000 External STDCALL
GetCommandTail . . . . . . . . .	P Near	 00000000 FLAT	Length= 00000000 External STDCALL
GetConsoleCP . . . . . . . . . .	P Near	 00000000 FLAT	Length= 00000000 External STDCALL
GetConsoleCursorInfo . . . . . .	P Near	 00000000 FLAT	Length= 00000000 External STDCALL
GetConsoleMode . . . . . . . . .	P Near	 00000000 FLAT	Length= 00000000 External STDCALL
GetConsoleScreenBufferInfo . . .	P Near	 00000000 FLAT	Length= 00000000 External STDCALL
GetDateTime  . . . . . . . . . .	P Near	 00000000 FLAT	Length= 00000000 External STDCALL
GetFileTime  . . . . . . . . . .	P Near	 00000000 FLAT	Length= 00000000 External STDCALL
GetKeyState  . . . . . . . . . .	P Near	 00000000 FLAT	Length= 00000000 External STDCALL
GetLastError . . . . . . . . . .	P Near	 00000000 FLAT	Length= 00000000 External STDCALL
GetLocalTime . . . . . . . . . .	P Near	 00000000 FLAT	Length= 00000000 External STDCALL
GetMaxXY . . . . . . . . . . . .	P Near	 00000000 FLAT	Length= 00000000 External STDCALL
GetMseconds  . . . . . . . . . .	P Near	 00000000 FLAT	Length= 00000000 External STDCALL
GetNumberOfConsoleInputEvents  .	P Near	 00000000 FLAT	Length= 00000000 External STDCALL
GetProcessHeap . . . . . . . . .	P Near	 00000000 FLAT	Length= 00000000 External STDCALL
GetStdHandle . . . . . . . . . .	P Near	 00000000 FLAT	Length= 00000000 External STDCALL
GetSystemTime  . . . . . . . . .	P Near	 00000000 FLAT	Length= 00000000 External STDCALL
GetTextColor . . . . . . . . . .	P Near	 00000000 FLAT	Length= 00000000 External STDCALL
GetTickCount . . . . . . . . . .	P Near	 00000000 FLAT	Length= 00000000 External STDCALL
Gotoxy . . . . . . . . . . . . .	P Near	 00000000 FLAT	Length= 00000000 External STDCALL
HeapAlloc  . . . . . . . . . . .	P Near	 00000000 FLAT	Length= 00000000 External STDCALL
HeapCreate . . . . . . . . . . .	P Near	 00000000 FLAT	Length= 00000000 External STDCALL
HeapDestroy  . . . . . . . . . .	P Near	 00000000 FLAT	Length= 00000000 External STDCALL
HeapFree . . . . . . . . . . . .	P Near	 00000000 FLAT	Length= 00000000 External STDCALL
HeapSize . . . . . . . . . . . .	P Near	 00000000 FLAT	Length= 00000000 External STDCALL
IsDigit  . . . . . . . . . . . .	P Near	 00000000 FLAT	Length= 00000000 External STDCALL
ItoA . . . . . . . . . . . . . .	P Near	 000001F8 _TEXT	Length= 0000001A Public STDCALL
  L4 . . . . . . . . . . . . . .	L Near	 000001F8 _TEXT	
LocalFree  . . . . . . . . . . .	P Near	 00000000 FLAT	Length= 00000000 External STDCALL
MessageBoxA  . . . . . . . . . .	P Near	 00000000 FLAT	Length= 00000000 External STDCALL
MsgBoxAsk  . . . . . . . . . . .	P Near	 00000000 FLAT	Length= 00000000 External STDCALL
MsgBox . . . . . . . . . . . . .	P Near	 00000000 FLAT	Length= 00000000 External STDCALL
OpenInputFile  . . . . . . . . .	P Near	 00000000 FLAT	Length= 00000000 External STDCALL
ParseDecimal32 . . . . . . . . .	P Near	 00000000 FLAT	Length= 00000000 External STDCALL
ParseInteger32 . . . . . . . . .	P Near	 00000000 FLAT	Length= 00000000 External STDCALL
PeekConsoleInputA  . . . . . . .	P Near	 00000000 FLAT	Length= 00000000 External STDCALL
Random32 . . . . . . . . . . . .	P Near	 00000000 FLAT	Length= 00000000 External STDCALL
RandomRange  . . . . . . . . . .	P Near	 00000000 FLAT	Length= 00000000 External STDCALL
Randomize  . . . . . . . . . . .	P Near	 00000000 FLAT	Length= 00000000 External STDCALL
ReadChar . . . . . . . . . . . .	P Near	 00000000 FLAT	Length= 00000000 External STDCALL
ReadConsoleA . . . . . . . . . .	P Near	 00000000 FLAT	Length= 00000000 External STDCALL
ReadConsoleInputA  . . . . . . .	P Near	 00000000 FLAT	Length= 00000000 External STDCALL
ReadDec  . . . . . . . . . . . .	P Near	 00000000 FLAT	Length= 00000000 External STDCALL
ReadFile . . . . . . . . . . . .	P Near	 00000000 FLAT	Length= 00000000 External STDCALL
ReadFloat  . . . . . . . . . . .	P Near	 00000000 FLAT	Length= 00000000 External STDCALL
ReadFromFile . . . . . . . . . .	P Near	 00000000 FLAT	Length= 00000000 External STDCALL
ReadHex  . . . . . . . . . . . .	P Near	 00000000 FLAT	Length= 00000000 External STDCALL
ReadInt  . . . . . . . . . . . .	P Near	 00000000 FLAT	Length= 00000000 External STDCALL
ReadKeyFlush . . . . . . . . . .	P Near	 00000000 FLAT	Length= 00000000 External STDCALL
ReadKey  . . . . . . . . . . . .	P Near	 00000000 FLAT	Length= 00000000 External STDCALL
ReadString . . . . . . . . . . .	P Near	 00000000 FLAT	Length= 00000000 External STDCALL
SetConsoleCursorInfo . . . . . .	P Near	 00000000 FLAT	Length= 00000000 External STDCALL
SetConsoleCursorPosition . . . .	P Near	 00000000 FLAT	Length= 00000000 External STDCALL
SetConsoleMode . . . . . . . . .	P Near	 00000000 FLAT	Length= 00000000 External STDCALL
SetConsoleScreenBufferSize . . .	P Near	 00000000 FLAT	Length= 00000000 External STDCALL
SetConsoleTextAttribute  . . . .	P Near	 00000000 FLAT	Length= 00000000 External STDCALL
SetConsoleTitleA . . . . . . . .	P Near	 00000000 FLAT	Length= 00000000 External STDCALL
SetConsoleWindowInfo . . . . . .	P Near	 00000000 FLAT	Length= 00000000 External STDCALL
SetFilePointer . . . . . . . . .	P Near	 00000000 FLAT	Length= 00000000 External STDCALL
SetLocalTime . . . . . . . . . .	P Near	 00000000 FLAT	Length= 00000000 External STDCALL
SetTextColor . . . . . . . . . .	P Near	 00000000 FLAT	Length= 00000000 External STDCALL
ShowFPUStack . . . . . . . . . .	P Near	 00000000 FLAT	Length= 00000000 External STDCALL
Sleep  . . . . . . . . . . . . .	P Near	 00000000 FLAT	Length= 00000000 External STDCALL
StrLength  . . . . . . . . . . .	P Near	 00000000 FLAT	Length= 00000000 External STDCALL
Str_compare  . . . . . . . . . .	P Near	 00000000 FLAT	Length= 00000000 External STDCALL
Str_copy . . . . . . . . . . . .	P Near	 00000000 FLAT	Length= 00000000 External STDCALL
Str_length . . . . . . . . . . .	P Near	 00000000 FLAT	Length= 00000000 External STDCALL
Str_trim . . . . . . . . . . . .	P Near	 00000000 FLAT	Length= 00000000 External STDCALL
Str_ucase  . . . . . . . . . . .	P Near	 00000000 FLAT	Length= 00000000 External STDCALL
SystemTimeToFileTime . . . . . .	P Near	 00000000 FLAT	Length= 00000000 External STDCALL
WaitMsg  . . . . . . . . . . . .	P Near	 00000000 FLAT	Length= 00000000 External STDCALL
WriteBinB  . . . . . . . . . . .	P Near	 00000000 FLAT	Length= 00000000 External STDCALL
WriteBin . . . . . . . . . . . .	P Near	 00000000 FLAT	Length= 00000000 External STDCALL
WriteChar  . . . . . . . . . . .	P Near	 00000000 FLAT	Length= 00000000 External STDCALL
WriteConsoleA  . . . . . . . . .	P Near	 00000000 FLAT	Length= 00000000 External STDCALL
WriteConsoleOutputAttribute  . .	P Near	 00000000 FLAT	Length= 00000000 External STDCALL
WriteConsoleOutputCharacterA . .	P Near	 00000000 FLAT	Length= 00000000 External STDCALL
WriteDec . . . . . . . . . . . .	P Near	 00000000 FLAT	Length= 00000000 External STDCALL
WriteFile  . . . . . . . . . . .	P Near	 00000000 FLAT	Length= 00000000 External STDCALL
WriteFloat . . . . . . . . . . .	P Near	 00000000 FLAT	Length= 00000000 External STDCALL
WriteHexB  . . . . . . . . . . .	P Near	 00000000 FLAT	Length= 00000000 External STDCALL
WriteHex . . . . . . . . . . . .	P Near	 00000000 FLAT	Length= 00000000 External STDCALL
WriteInt . . . . . . . . . . . .	P Near	 00000000 FLAT	Length= 00000000 External STDCALL
WriteStackFrameName  . . . . . .	P Near	 00000000 FLAT	Length= 00000000 External STDCALL
WriteStackFrame  . . . . . . . .	P Near	 00000000 FLAT	Length= 00000000 External STDCALL
WriteString  . . . . . . . . . .	P Near	 00000000 FLAT	Length= 00000000 External STDCALL
WriteToFile  . . . . . . . . . .	P Near	 00000000 FLAT	Length= 00000000 External STDCALL
WriteWindowsMsg  . . . . . . . .	P Near	 00000000 FLAT	Length= 00000000 External STDCALL
blankout . . . . . . . . . . . .	P Near	 000001E5 _TEXT	Length= 00000013 Public STDCALL
  L2 . . . . . . . . . . . . . .	L Near	 000001E5 _TEXT	
countDice  . . . . . . . . . . .	P Near	 00000282 _TEXT	Length= 0000004F Public STDCALL
  L  . . . . . . . . . . . . . .	L Near	 0000028E _TEXT	
  L1 . . . . . . . . . . . . . .	L Near	 000002AE _TEXT	
  L2 . . . . . . . . . . . . . .	L Near	 000002B2 _TEXT	
  L3 . . . . . . . . . . . . . .	L Near	 000002B7 _TEXT	
  L4 . . . . . . . . . . . . . .	L Near	 000002BC _TEXT	
  L5 . . . . . . . . . . . . . .	L Near	 000002C1 _TEXT	
  L6 . . . . . . . . . . . . . .	L Near	 000002C6 _TEXT	
  fin  . . . . . . . . . . . . .	L Near	 000002CB _TEXT	
countDoubles . . . . . . . . . .	P Near	 0000039D _TEXT	Length= 00000068 Public STDCALL
  LM . . . . . . . . . . . . . .	L Near	 000003B4 _TEXT	
  L1 . . . . . . . . . . . . . .	L Near	 000003DA _TEXT	
  L2 . . . . . . . . . . . . . .	L Near	 000003FA _TEXT	
  fin  . . . . . . . . . . . . .	L Near	 00000401 _TEXT	
countRuns  . . . . . . . . . . .	P Near	 00000333 _TEXT	Length= 0000006A Public STDCALL
  LM . . . . . . . . . . . . . .	L Near	 0000034A _TEXT	
  L1 . . . . . . . . . . . . . .	L Near	 00000370 _TEXT	
  L2 . . . . . . . . . . . . . .	L Near	 00000386 _TEXT	
  L3 . . . . . . . . . . . . . .	L Near	 00000392 _TEXT	
  fin  . . . . . . . . . . . . .	L Near	 00000399 _TEXT	
longestRun . . . . . . . . . . .	P Near	 000002D1 _TEXT	Length= 00000062 Public STDCALL
  LM . . . . . . . . . . . . . .	L Near	 000002E8 _TEXT	
  L1 . . . . . . . . . . . . . .	L Near	 0000030E _TEXT	
  L2 . . . . . . . . . . . . . .	L Near	 00000328 _TEXT	
  fin  . . . . . . . . . . . . .	L Near	 0000032F _TEXT	
main . . . . . . . . . . . . . .	P Near	 00000000 _TEXT	Length= 000001E5 Public STDCALL
  Lrand  . . . . . . . . . . . .	L Near	 0000001B _TEXT	
  LP1  . . . . . . . . . . . . .	L Near	 0000003B _TEXT	
  LP2  . . . . . . . . . . . . .	L Near	 000000B0 _TEXT	
  LP3  . . . . . . . . . . . . .	L Near	 00000125 _TEXT	
  LP4  . . . . . . . . . . . . .	L Near	 0000019A _TEXT	
  fin  . . . . . . . . . . . . .	L Near	 000001DE _TEXT	
printf . . . . . . . . . . . . .	P Near	 00000000 FLAT	Length= 00000000 External C
print  . . . . . . . . . . . . .	P Near	 00000212 _TEXT	Length= 0000002B Public STDCALL
  again  . . . . . . . . . . . .	L Near	 0000021A _TEXT	
  goon . . . . . . . . . . . . .	L Near	 0000023B _TEXT	
rand . . . . . . . . . . . . . .	P Near	 0000023D _TEXT	Length= 00000045 Public STDCALL
scanf  . . . . . . . . . . . . .	P Near	 00000000 FLAT	Length= 00000000 External C
wsprintfA  . . . . . . . . . . .	P Near	 00000000 FLAT	Length= 00000000 External C


Symbols:

                N a m e                 Type     Value    Attr

@CodeSize  . . . . . . . . . . .	Number	 00000000h   
@DataSize  . . . . . . . . . . .	Number	 00000000h   
@Interface . . . . . . . . . . .	Number	 00000003h   
@Model . . . . . . . . . . . . .	Number	 00000007h   
@code  . . . . . . . . . . . . .	Text   	 _TEXT
@data  . . . . . . . . . . . . .	Text   	 FLAT
@fardata?  . . . . . . . . . . .	Text   	 FLAT
@fardata . . . . . . . . . . . .	Text   	 FLAT
@stack . . . . . . . . . . . . .	Text   	 FLAT
ALT_MASK . . . . . . . . . . . .	Number	 00000003h   
CAPSLOCK_ON  . . . . . . . . . .	Number	 00000080h   
CREATE_ALWAYS  . . . . . . . . .	Number	 00000002h   
CREATE_NEW . . . . . . . . . . .	Number	 00000001h   
CTRL_MASK  . . . . . . . . . . .	Number	 0000000Ch   
CreateFile . . . . . . . . . . .	Text   	 CreateFileA
DO_NOT_SHARE . . . . . . . . . .	Number	 00000000h   
ENABLE_ECHO_INPUT  . . . . . . .	Number	 00000004h   
ENABLE_LINE_INPUT  . . . . . . .	Number	 00000002h   
ENABLE_MOUSE_INPUT . . . . . . .	Number	 00000010h   
ENABLE_PROCESSED_INPUT . . . . .	Number	 00000001h   
ENABLE_PROCESSED_OUTPUT  . . . .	Number	 00000001h   
ENABLE_WINDOW_INPUT  . . . . . .	Number	 00000008h   
ENABLE_WRAP_AT_EOL_OUTPUT  . . .	Number	 00000002h   
ENHANCED_KEY . . . . . . . . . .	Number	 00000100h   
FALSE  . . . . . . . . . . . . .	Number	 00000000h   
FILE_APPEND_DATA . . . . . . . .	Number	 00000004h   
FILE_ATTRIBUTE_ARCHIVE . . . . .	Number	 00000020h   
FILE_ATTRIBUTE_COMPRESSED  . . .	Number	 00000800h   
FILE_ATTRIBUTE_DEVICE  . . . . .	Number	 00000040h   
FILE_ATTRIBUTE_DIRECTORY . . . .	Number	 00000010h   
FILE_ATTRIBUTE_ENCRYPTED . . . .	Number	 00004000h   
FILE_ATTRIBUTE_HIDDEN  . . . . .	Number	 00000002h   
FILE_ATTRIBUTE_NORMAL  . . . . .	Number	 00000080h   
FILE_ATTRIBUTE_NOT_CONTENT_INDEXED .	Number	 00002000h   
FILE_ATTRIBUTE_OFFLINE . . . . .	Number	 00001000h   
FILE_ATTRIBUTE_READONLY  . . . .	Number	 00000001h   
FILE_ATTRIBUTE_REPARSE_POINT . .	Number	 00000400h   
FILE_ATTRIBUTE_SPARSE_FILE . . .	Number	 00000200h   
FILE_ATTRIBUTE_SYSTEM  . . . . .	Number	 00000004h   
FILE_ATTRIBUTE_TEMPORARY . . . .	Number	 00000100h   
FILE_BEGIN . . . . . . . . . . .	Number	 00000000h   
FILE_CURRENT . . . . . . . . . .	Number	 00000001h   
FILE_DELETE_CHILD  . . . . . . .	Number	 00000040h   
FILE_END . . . . . . . . . . . .	Number	 00000002h   
FILE_READ_DATA . . . . . . . . .	Number	 00000001h   
FILE_SHARE_DELETE  . . . . . . .	Number	 00000004h   
FILE_SHARE_READ  . . . . . . . .	Number	 00000001h   
FILE_SHARE_WRITE . . . . . . . .	Number	 00000002h   
FILE_WRITE_DATA  . . . . . . . .	Number	 00000002h   
FOCUS_EVENT  . . . . . . . . . .	Number	 00000010h   
FORMAT_MESSAGE_ALLOCATE_BUFFER .	Number	 00000100h   
FORMAT_MESSAGE_FROM_SYSTEM . . .	Number	 00001000h   
FormatMessage  . . . . . . . . .	Text   	 FormatMessageA
GENERIC_ALL  . . . . . . . . . .	Number	 10000000h   
GENERIC_EXECUTE  . . . . . . . .	Number	 20000000h   
GENERIC_READ . . . . . . . . . .	Number	 -80000000h   
GENERIC_WRITE  . . . . . . . . .	Number	 40000000h   
GetCommandLine . . . . . . . . .	Text   	 GetCommandLineA
HANDLE . . . . . . . . . . . . .	Text   	 DWORD
HEAP_GENERATE_EXCEPTIONS . . . .	Number	 00000004h   
HEAP_GROWABLE  . . . . . . . . .	Number	 00000002h   
HEAP_NO_SERIALIZE  . . . . . . .	Number	 00000001h   
HEAP_REALLOC_IN_PLACE_ONLY . . .	Number	 00000010h   
HEAP_ZERO_MEMORY . . . . . . . .	Number	 00000008h   
IDABORT  . . . . . . . . . . . .	Number	 00000003h   
IDCANCEL . . . . . . . . . . . .	Number	 00000002h   
IDCLOSE  . . . . . . . . . . . .	Number	 00000008h   
IDCONTINUE . . . . . . . . . . .	Number	 0000000Bh   
IDHELP . . . . . . . . . . . . .	Number	 00000009h   
IDIGNORE . . . . . . . . . . . .	Number	 00000005h   
IDNO . . . . . . . . . . . . . .	Number	 00000007h   
IDOK . . . . . . . . . . . . . .	Number	 00000001h   
IDRETRY  . . . . . . . . . . . .	Number	 00000004h   
IDTIMEOUT  . . . . . . . . . . .	Number	 00007D00h   
IDTRYAGAIN . . . . . . . . . . .	Number	 0000000Ah   
IDYES  . . . . . . . . . . . . .	Number	 00000006h   
INVALID_HANDLE_VALUE . . . . . .	Number	 -00000001h   
KBDOWN_FLAG  . . . . . . . . . .	Number	 00000001h   
KEY_EVENT  . . . . . . . . . . .	Number	 00000001h   
KEY_MASKS  . . . . . . . . . . .	Number	 0000001Fh   
LEFT_ALT_PRESSED . . . . . . . .	Number	 00000002h   
LEFT_CTRL_PRESSED  . . . . . . .	Number	 00000008h   
MB_ABORTRETRYIGNORE  . . . . . .	Number	 00000002h   
MB_APPLMODAL . . . . . . . . . .	Number	 00000000h   
MB_CANCELTRYCONTINUE . . . . . .	Number	 00000006h   
MB_DEFBUTTON1  . . . . . . . . .	Number	 00000000h   
MB_DEFBUTTON2  . . . . . . . . .	Number	 00000100h   
MB_DEFBUTTON3  . . . . . . . . .	Number	 00000200h   
MB_DEFBUTTON4  . . . . . . . . .	Number	 00000300h   
MB_HELP  . . . . . . . . . . . .	Number	 00004000h   
MB_ICONASTERISK  . . . . . . . .	Number	 00000040h   
MB_ICONERROR . . . . . . . . . .	Number	 00000010h   
MB_ICONEXCLAMATION . . . . . . .	Number	 00000030h   
MB_ICONHAND  . . . . . . . . . .	Number	 00000010h   
MB_ICONINFORMATION . . . . . . .	Number	 00000040h   
MB_ICONQUESTION  . . . . . . . .	Number	 00000020h   
MB_ICONSTOP  . . . . . . . . . .	Number	 00000010h   
MB_ICONWARNING . . . . . . . . .	Number	 00000030h   
MB_OKCANCEL  . . . . . . . . . .	Number	 00000001h   
MB_OK  . . . . . . . . . . . . .	Number	 00000000h   
MB_RETRYCANCEL . . . . . . . . .	Number	 00000005h   
MB_SYSTEMMODAL . . . . . . . . .	Number	 00001000h   
MB_TASKMODAL . . . . . . . . . .	Number	 00002000h   
MB_USERICON  . . . . . . . . . .	Number	 00000080h   
MB_YESNOCANCEL . . . . . . . . .	Number	 00000003h   
MB_YESNO . . . . . . . . . . . .	Number	 00000004h   
MENU_EVENT . . . . . . . . . . .	Number	 00000008h   
MOUSE_EVENT  . . . . . . . . . .	Number	 00000002h   
MessageBox . . . . . . . . . . .	Text   	 MessageBoxA
NULL . . . . . . . . . . . . . .	Number	 00000000h   
NUMLOCK_ON . . . . . . . . . . .	Number	 00000020h   
OPEN_ALWAYS  . . . . . . . . . .	Number	 00000004h   
OPEN_EXISTING  . . . . . . . . .	Number	 00000003h   
PeekConsoleInput . . . . . . . .	Text   	 PeekConsoleInputA
RIGHT_ALT_PRESSED  . . . . . . .	Number	 00000001h   
RIGHT_CTRL_PRESSED . . . . . . .	Number	 00000004h   
ReadConsoleInput . . . . . . . .	Text   	 ReadConsoleInputA
ReadConsole  . . . . . . . . . .	Text   	 ReadConsoleA
SCROLLLOCK_ON  . . . . . . . . .	Number	 00000040h   
SHIFT_MASK . . . . . . . . . . .	Number	 00000010h   
SHIFT_PRESSED  . . . . . . . . .	Number	 00000010h   
STD_ERROR_HANDLE . . . . . . . .	Number	 -0000000Ch   
STD_INPUT_HANDLE . . . . . . . .	Number	 -0000000Ah   
STD_OUTPUT_HANDLE  . . . . . . .	Number	 -0000000Bh   
SetConsoleTitle  . . . . . . . .	Text   	 SetConsoleTitleA
TAB  . . . . . . . . . . . . . .	Number	 00000009h   
TRUE . . . . . . . . . . . . . .	Number	 00000001h   
TRUNCATE_EXISTING  . . . . . . .	Number	 00000005h   
VK_11  . . . . . . . . . . . . .	Number	 000000BDh   
VK_12  . . . . . . . . . . . . .	Number	 000000BBh   
VK_ADD . . . . . . . . . . . . .	Number	 0000006Bh   
VK_BACK  . . . . . . . . . . . .	Number	 00000008h   
VK_CANCEL  . . . . . . . . . . .	Number	 00000003h   
VK_CAPITAL . . . . . . . . . . .	Number	 00000014h   
VK_CLEAR . . . . . . . . . . . .	Number	 0000000Ch   
VK_CONTROL . . . . . . . . . . .	Number	 00000011h   
VK_DECIMAL . . . . . . . . . . .	Number	 0000006Eh   
VK_DELETE  . . . . . . . . . . .	Number	 0000002Eh   
VK_DIVIDE  . . . . . . . . . . .	Number	 0000006Fh   
VK_DOWN  . . . . . . . . . . . .	Number	 00000028h   
VK_END . . . . . . . . . . . . .	Number	 00000023h   
VK_ESCAPE  . . . . . . . . . . .	Number	 0000001Bh   
VK_EXECUTE . . . . . . . . . . .	Number	 0000002Bh   
VK_F10 . . . . . . . . . . . . .	Number	 00000079h   
VK_F11 . . . . . . . . . . . . .	Number	 0000007Ah   
VK_F12 . . . . . . . . . . . . .	Number	 0000007Bh   
VK_F13 . . . . . . . . . . . . .	Number	 0000007Ch   
VK_F14 . . . . . . . . . . . . .	Number	 0000007Dh   
VK_F15 . . . . . . . . . . . . .	Number	 0000007Eh   
VK_F16 . . . . . . . . . . . . .	Number	 0000007Fh   
VK_F17 . . . . . . . . . . . . .	Number	 00000080h   
VK_F18 . . . . . . . . . . . . .	Number	 00000081h   
VK_F19 . . . . . . . . . . . . .	Number	 00000082h   
VK_F1  . . . . . . . . . . . . .	Number	 00000070h   
VK_F20 . . . . . . . . . . . . .	Number	 00000083h   
VK_F21 . . . . . . . . . . . . .	Number	 00000084h   
VK_F22 . . . . . . . . . . . . .	Number	 00000085h   
VK_F23 . . . . . . . . . . . . .	Number	 00000086h   
VK_F24 . . . . . . . . . . . . .	Number	 00000087h   
VK_F2  . . . . . . . . . . . . .	Number	 00000071h   
VK_F3  . . . . . . . . . . . . .	Number	 00000072h   
VK_F4  . . . . . . . . . . . . .	Number	 00000073h   
VK_F5  . . . . . . . . . . . . .	Number	 00000074h   
VK_F6  . . . . . . . . . . . . .	Number	 00000075h   
VK_F7  . . . . . . . . . . . . .	Number	 00000076h   
VK_F8  . . . . . . . . . . . . .	Number	 00000077h   
VK_F9  . . . . . . . . . . . . .	Number	 00000078h   
VK_HELP  . . . . . . . . . . . .	Number	 0000002Fh   
VK_HOME  . . . . . . . . . . . .	Number	 00000024h   
VK_INSERT  . . . . . . . . . . .	Number	 0000002Dh   
VK_LBUTTON . . . . . . . . . . .	Number	 00000001h   
VK_LCONTROL  . . . . . . . . . .	Number	 000000A2h   
VK_LEFT  . . . . . . . . . . . .	Number	 00000025h   
VK_LMENU . . . . . . . . . . . .	Number	 000000A4h   
VK_LSHIFT  . . . . . . . . . . .	Number	 000000A0h   
VK_MENU  . . . . . . . . . . . .	Number	 00000012h   
VK_MULTIPLY  . . . . . . . . . .	Number	 0000006Ah   
VK_NEXT  . . . . . . . . . . . .	Number	 00000022h   
VK_NUMLOCK . . . . . . . . . . .	Number	 00000090h   
VK_NUMPAD0 . . . . . . . . . . .	Number	 00000060h   
VK_NUMPAD1 . . . . . . . . . . .	Number	 00000061h   
VK_NUMPAD2 . . . . . . . . . . .	Number	 00000062h   
VK_NUMPAD3 . . . . . . . . . . .	Number	 00000063h   
VK_NUMPAD4 . . . . . . . . . . .	Number	 00000064h   
VK_NUMPAD5 . . . . . . . . . . .	Number	 00000065h   
VK_NUMPAD6 . . . . . . . . . . .	Number	 00000066h   
VK_NUMPAD7 . . . . . . . . . . .	Number	 00000067h   
VK_NUMPAD8 . . . . . . . . . . .	Number	 00000068h   
VK_NUMPAD9 . . . . . . . . . . .	Number	 00000069h   
VK_PAUSE . . . . . . . . . . . .	Number	 00000013h   
VK_PRINT . . . . . . . . . . . .	Number	 0000002Ah   
VK_PRIOR . . . . . . . . . . . .	Number	 00000021h   
VK_RBUTTON . . . . . . . . . . .	Number	 00000002h   
VK_RCONTROL  . . . . . . . . . .	Number	 000000A3h   
VK_RETURN  . . . . . . . . . . .	Number	 0000000Dh   
VK_RIGHT . . . . . . . . . . . .	Number	 00000027h   
VK_RMENU . . . . . . . . . . . .	Number	 000000A5h   
VK_RSHIFT  . . . . . . . . . . .	Number	 000000A1h   
VK_SCROLL  . . . . . . . . . . .	Number	 00000091h   
VK_SEPARATER . . . . . . . . . .	Number	 0000006Ch   
VK_SHIFT . . . . . . . . . . . .	Number	 00000010h   
VK_SNAPSHOT  . . . . . . . . . .	Number	 0000002Ch   
VK_SPACE . . . . . . . . . . . .	Number	 00000020h   
VK_SUBTRACT  . . . . . . . . . .	Number	 0000006Dh   
VK_TAB . . . . . . . . . . . . .	Number	 00000009h   
VK_UP  . . . . . . . . . . . . .	Number	 00000026h   
WINDOW_BUFFER_SIZE_EVENT . . . .	Number	 00000004h   
WriteConsoleOutputCharacter  . .	Text   	 WriteConsoleOutputCharacterA
WriteConsole . . . . . . . . . .	Text   	 WriteConsoleA
answer2  . . . . . . . . . . . .	Byte	 0000031E _DATA	
answer3  . . . . . . . . . . . .	Byte	 00000345 _DATA	
answer4  . . . . . . . . . . . .	Byte	 0000036E _DATA	
answer . . . . . . . . . . . . .	Byte	 000002F7 _DATA	
black  . . . . . . . . . . . . .	Number	 00000000h   
blue . . . . . . . . . . . . . .	Number	 00000001h   
brown  . . . . . . . . . . . . .	Number	 00000006h   
counter  . . . . . . . . . . . .	DWord	 000002D3 _DATA	
count  . . . . . . . . . . . . .	DWord	 00000273 _DATA	
cyan . . . . . . . . . . . . . .	Number	 00000003h   
dice . . . . . . . . . . . . . .	Byte	 0000001B _DATA	
doubles  . . . . . . . . . . . .	DWord	 000002BB _DATA	
d  . . . . . . . . . . . . . . .	DWord	 00000013 _DATA	
exit . . . . . . . . . . . . . .	Text   	 INVOKE ExitProcess,0
file . . . . . . . . . . . . . .	DWord	 0000037B _DATA	
gray . . . . . . . . . . . . . .	Number	 00000008h   
green  . . . . . . . . . . . . .	Number	 00000002h   
i  . . . . . . . . . . . . . . .	DWord	 0000000F _DATA	
lab2 . . . . . . . . . . . . . .	Byte	 00000304 _DATA	
lab3 . . . . . . . . . . . . . .	Byte	 0000032B _DATA	
lab4 . . . . . . . . . . . . . .	Byte	 00000352 _DATA	
lab  . . . . . . . . . . . . . .	Byte	 000002D7 _DATA	
lightBlue  . . . . . . . . . . .	Number	 00000009h   
lightCyan  . . . . . . . . . . .	Number	 0000000Bh   
lightGray  . . . . . . . . . . .	Number	 00000007h   
lightGreen . . . . . . . . . . .	Number	 0000000Ah   
lightMagenta . . . . . . . . . .	Number	 0000000Dh   
lightRed . . . . . . . . . . . .	Number	 0000000Ch   
magenta  . . . . . . . . . . . .	Number	 00000005h   
outfileName  . . . . . . . . . .	Byte	 00000000 _DATA	
outfile  . . . . . . . . . . . .	DWord	 0000000B _DATA	
red  . . . . . . . . . . . . . .	Number	 00000004h   
runCount . . . . . . . . . . . .	DWord	 000002A3 _DATA	
runSize  . . . . . . . . . . . .	DWord	 0000028B _DATA	
white  . . . . . . . . . . . . .	Number	 0000000Fh   
wsprintf . . . . . . . . . . . .	Text   	 wsprintfA
yellow . . . . . . . . . . . . .	Number	 0000000Eh   
y  . . . . . . . . . . . . . . .	DWord	 00000017 _DATA	

	   0 Warnings
	   0 Errors
